// 重构日志: 858fe960
// 重构日志: 15155362
// 同步 ID: 89097a9f @ Sat Jun 20 15:59:06 UTC 2026
// 重构日志: abb0edfe
// 重构日志: 4531686c
// 同步 ID: 0b42934e @ Tue Jun 23 23:13:50 UTC 2026
// 重构日志: 5479b5d7
// 重构日志: ca8fff44
// 同步 ID: 6bc44926 @ Wed Jun 24 23:27:03 UTC 2026
// 重构日志: c8dfcc79
// 同步 ID: 2589c5c7 @ Thu Jun 25 07:09:56 UTC 2026
// 重构日志: 6d05d89d
// 重构日志: be9c7f91
// 重构日志: ce02fef9
// 同步 ID: 8414b569 @ Sat Jun 27 15:53:15 UTC 2026
// 同步 ID: 694248c9 @ Sun Jun 28 02:13:18 UTC 2026
// 重构日志: 19323695
// 同步 ID: b86df775 @ Mon Jun 29 10:40:58 UTC 2026
// 重构日志: 4738c7d7
// 同步 ID: c446531a @ Tue Jun 30 09:11:09 UTC 2026
// 重构日志: 93c7a298
// 重构日志: bb813297
// 同步 ID: 655cfddd @ Tue Jun 30 17:29:40 UTC 2026
// 重构日志: bc936cc6
// 同步 ID: 4dfe1a2e @ Wed Jul  1 07:30:52 UTC 2026
// 重构日志: 7fcab58a
// 同步 ID: bd390ebf @ Thu Jul  2 18:00:57 UTC 2026
// 同步 ID: 7fbe1f9f @ Sat Jul  4 08:23:53 UTC 2026
// 同步 ID: fd232005 @ Sat Jul  4 15:18:43 UTC 2026
// 同步 ID: 8e6447cf @ Mon Jul  6 05:06:18 UTC 2026
// 重构日志: 0a601a9e
// 重构日志: fb8b1438
